<?xml version="1.0" encoding="UTF-8" standalone="no"?>
<!DOCTYPE log SYSTEM "logger.dtd">
<log>
<record>
  <date>2019-09-09T15:16:35</date>
  <millis>1568038595312</millis>
  <sequence>0</sequence>
  <level>START</level>
  <class>com.kms.katalon.core.logging.XmlKeywordLogger</class>
  <method>startSuite</method>
  <thread>1</thread>
  <message>Start Test Suite : Test Suites/HTML Builder/Search and Delete</message>
  <nestedLevel>0</nestedLevel>
  <property name="name">Search and Delete</property>
  <property name="description"></property>
  <property name="id">Test Suites/HTML Builder/Search and Delete</property>
</record>
<record>
  <date>2019-09-09T15:16:35</date>
  <millis>1568038595410</millis>
  <sequence>1</sequence>
  <level>RUN_DATA</level>
  <class>com.kms.katalon.core.logging.XmlKeywordLogger</class>
  <method>logMessage</method>
  <thread>1</thread>
  <message>hostName = gansat - NOTEEG-12802.nexus.local</message>
  <nestedLevel>0</nestedLevel>
  <property name="hostName">gansat - NOTEEG-12802.nexus.local</property>
</record>
<record>
  <date>2019-09-09T15:16:35</date>
  <millis>1568038595412</millis>
  <sequence>2</sequence>
  <level>RUN_DATA</level>
  <class>com.kms.katalon.core.logging.XmlKeywordLogger</class>
  <method>logMessage</method>
  <thread>1</thread>
  <message>os = Windows 10 64bit</message>
  <nestedLevel>0</nestedLevel>
  <property name="os">Windows 10 64bit</property>
</record>
<record>
  <date>2019-09-09T15:16:35</date>
  <millis>1568038595420</millis>
  <sequence>3</sequence>
  <level>RUN_DATA</level>
  <class>com.kms.katalon.core.logging.XmlKeywordLogger</class>
  <method>logMessage</method>
  <thread>1</thread>
  <message>hostAddress = 192.168.0.12</message>
  <nestedLevel>0</nestedLevel>
  <property name="hostAddress">192.168.0.12</property>
</record>
<record>
  <date>2019-09-09T15:16:35</date>
  <millis>1568038595428</millis>
  <sequence>4</sequence>
  <level>RUN_DATA</level>
  <class>com.kms.katalon.core.logging.XmlKeywordLogger</class>
  <method>logMessage</method>
  <thread>1</thread>
  <message>katalonVersion = 6.3.3.11</message>
  <nestedLevel>0</nestedLevel>
  <property name="katalonVersion">6.3.3.11</property>
</record>
<record>
  <date>2019-09-09T15:16:36</date>
  <millis>1568038596314</millis>
  <sequence>5</sequence>
  <level>START</level>
  <class>com.kms.katalon.core.logging.XmlKeywordLogger</class>
  <method>startTest</method>
  <thread>1</thread>
  <message>Start Test Case : Test Cases/Application - Login/Login - STA</message>
  <nestedLevel>1</nestedLevel>
  <property name="name">Test Cases/Application - Login/Login - STA</property>
  <property name="description">Login in the application and check user element text</property>
  <property name="id">Test Cases/Application - Login/Login - STA</property>
  <property name="source">C:\\Users\\GANSAT\\Katalon Studio\\Adzu - Copy\\Test Cases\\Application - Login\\Login - STA.tc</property>
  <property name="tag"></property>
  <property name="isOptional">false</property>
</record>
<record>
  <date>2019-09-09T15:16:38</date>
  <millis>1568038598244</millis>
  <sequence>7</sequence>
  <level>START</level>
  <class>com.kms.katalon.core.logging.XmlKeywordLogger</class>
  <method>startKeyword</method>
  <thread>1</thread>
  <message>Start action : openBrowser(\&amp;quot;\&amp;quot;)</message>
  <nestedLevel>1</nestedLevel>
  <property name="startLine">16</property>
  <property name="stepIndex">1</property>
</record>
<record>
  <date>2019-09-09T15:16:39</date>
  <millis>1568038599153</millis>
  <sequence>9</sequence>
  <level>INFO</level>
  <class>com.kms.katalon.core.logging.XmlKeywordLogger</class>
  <method>logMessage</method>
  <thread>1</thread>
  <message>Starting &amp;apos;IE&amp;apos; driver</message>
  <nestedLevel>1</nestedLevel>
</record>
<record>
  <date>2019-09-09T15:16:39</date>
  <millis>1568038599214</millis>
  <sequence>10</sequence>
  <level>INFO</level>
  <class>com.kms.katalon.core.logging.XmlKeywordLogger</class>
  <method>logMessage</method>
  <thread>1</thread>
  <message>User set preference: [&amp;apos;ignoreProtectedModeSettings&amp;apos;, &amp;apos;true&amp;apos;]</message>
  <nestedLevel>1</nestedLevel>
</record>
<record>
  <date>2019-09-09T15:16:39</date>
  <millis>1568038599499</millis>
  <sequence>11</sequence>
  <level>INFO</level>
  <class>com.kms.katalon.core.logging.XmlKeywordLogger</class>
  <method>logMessage</method>
  <thread>1</thread>
  <message>Action delay is set to 0 seconds</message>
  <nestedLevel>1</nestedLevel>
</record>
<record>
  <date>2019-09-09T15:16:46</date>
  <millis>1568038606571</millis>
  <sequence>13</sequence>
  <level>RUN_DATA</level>
  <class>com.kms.katalon.core.logging.XmlKeywordLogger</class>
  <method>logMessage</method>
  <thread>1</thread>
  <message>sessionId = 786e2c8b-2f85-4ecf-b61d-c916b93d23f6</message>
  <nestedLevel>1</nestedLevel>
  <property name="sessionId">786e2c8b-2f85-4ecf-b61d-c916b93d23f6</property>
</record>
<record>
  <date>2019-09-09T15:16:46</date>
  <millis>1568038606722</millis>
  <sequence>14</sequence>
  <level>RUN_DATA</level>
  <class>com.kms.katalon.core.logging.XmlKeywordLogger</class>
  <method>logMessage</method>
  <thread>1</thread>
  <message>browser = IE 11</message>
  <nestedLevel>1</nestedLevel>
  <property name="browser">IE 11</property>
</record>
<record>
  <date>2019-09-09T15:16:46</date>
  <millis>1568038606723</millis>
  <sequence>15</sequence>
  <level>RUN_DATA</level>
  <class>com.kms.katalon.core.logging.XmlKeywordLogger</class>
  <method>logMessage</method>
  <thread>1</thread>
  <message>platform = Windows 10</message>
  <nestedLevel>1</nestedLevel>
  <property name="platform">Windows 10</property>
</record>
<record>
  <date>2019-09-09T15:16:46</date>
  <millis>1568038606725</millis>
  <sequence>16</sequence>
  <level>RUN_DATA</level>
  <class>com.kms.katalon.core.logging.XmlKeywordLogger</class>
  <method>logMessage</method>
  <thread>1</thread>
  <message>seleniumVersion = 3.141.59</message>
  <nestedLevel>1</nestedLevel>
  <property name="seleniumVersion">3.141.59</property>
</record>
<record>
  <date>2019-09-09T15:16:46</date>
  <millis>1568038606725</millis>
  <sequence>17</sequence>
  <level>RUN_DATA</level>
  <class>com.kms.katalon.core.logging.XmlKeywordLogger</class>
  <method>logMessage</method>
  <thread>1</thread>
  <message>proxyInformation = ProxyInformation{proxyOption=NO_PROXY, proxyServerType=HTTP, password=, proxyServerAddress=, proxyServerPort=0}</message>
  <nestedLevel>1</nestedLevel>
  <property name="proxyInformation">ProxyInformation{proxyOption=NO_PROXY, proxyServerType=HTTP, password=, proxyServerAddress=, proxyServerPort=0}</property>
</record>
<record>
  <date>2019-09-09T15:16:46</date>
  <millis>1568038606725</millis>
  <sequence>18</sequence>
  <level>PASSED</level>
  <class>com.kms.katalon.core.logging.XmlKeywordLogger</class>
  <method>logMessage</method>
  <thread>1</thread>
  <message>Browser is opened with url: &amp;apos;&amp;apos;</message>
  <nestedLevel>1</nestedLevel>
</record>
<record>
  <date>2019-09-09T15:16:46</date>
  <millis>1568038606725</millis>
  <sequence>19</sequence>
  <level>END</level>
  <class>com.kms.katalon.core.logging.XmlKeywordLogger</class>
  <method>endKeyword</method>
  <thread>1</thread>
  <message>End action : openBrowser(\&amp;quot;\&amp;quot;)</message>
  <nestedLevel>1</nestedLevel>
</record>
<record>
  <date>2019-09-09T15:16:46</date>
  <millis>1568038606725</millis>
  <sequence>20</sequence>
  <level>START</level>
  <class>com.kms.katalon.core.logging.XmlKeywordLogger</class>
  <method>startKeyword</method>
  <thread>1</thread>
  <message>Start action : navigateToUrl(\&amp;quot;https://bt.adzu4-staging.codeworldwide.com/\&amp;quot;)</message>
  <nestedLevel>1</nestedLevel>
  <property name="startLine">18</property>
  <property name="stepIndex">2</property>
</record>
<record>
  <date>2019-09-09T15:16:50</date>
  <millis>1568038610062</millis>
  <sequence>23</sequence>
  <level>PASSED</level>
  <class>com.kms.katalon.core.logging.XmlKeywordLogger</class>
  <method>logMessage</method>
  <thread>1</thread>
  <message>Navigate to &amp;apos;https://bt.adzu4-staging.codeworldwide.com/&amp;apos; successfully</message>
  <nestedLevel>1</nestedLevel>
</record>
<record>
  <date>2019-09-09T15:16:50</date>
  <millis>1568038610064</millis>
  <sequence>24</sequence>
  <level>END</level>
  <class>com.kms.katalon.core.logging.XmlKeywordLogger</class>
  <method>endKeyword</method>
  <thread>1</thread>
  <message>End action : navigateToUrl(\&amp;quot;https://bt.adzu4-staging.codeworldwide.com/\&amp;quot;)</message>
  <nestedLevel>1</nestedLevel>
</record>
<record>
  <date>2019-09-09T15:16:50</date>
  <millis>1568038610066</millis>
  <sequence>25</sequence>
  <level>START</level>
  <class>com.kms.katalon.core.logging.XmlKeywordLogger</class>
  <method>startKeyword</method>
  <thread>1</thread>
  <message>Start action : setText(findTestObject(\&amp;quot;Login/login_username\&amp;quot;), \&amp;quot;satinder.gandhi@codeworldwide.com\&amp;quot;)</message>
  <nestedLevel>1</nestedLevel>
  <property name="startLine">20</property>
  <property name="stepIndex">3</property>
</record>
<record>
  <date>2019-09-09T15:17:00</date>
  <millis>1568038620311</millis>
  <sequence>34</sequence>
  <level>PASSED</level>
  <class>com.kms.katalon.core.logging.XmlKeywordLogger</class>
  <method>logMessage</method>
  <thread>1</thread>
  <message>Text &amp;apos;satinder.gandhi@codeworldwide.com&amp;apos; is set on object &amp;apos;Object Repository/Login/login_username&amp;apos;</message>
  <nestedLevel>1</nestedLevel>
</record>
<record>
  <date>2019-09-09T15:17:00</date>
  <millis>1568038620312</millis>
  <sequence>35</sequence>
  <level>END</level>
  <class>com.kms.katalon.core.logging.XmlKeywordLogger</class>
  <method>endKeyword</method>
  <thread>1</thread>
  <message>End action : setText(findTestObject(\&amp;quot;Login/login_username\&amp;quot;), \&amp;quot;satinder.gandhi@codeworldwide.com\&amp;quot;)</message>
  <nestedLevel>1</nestedLevel>
</record>
<record>
  <date>2019-09-09T15:17:00</date>
  <millis>1568038620313</millis>
  <sequence>36</sequence>
  <level>START</level>
  <class>com.kms.katalon.core.logging.XmlKeywordLogger</class>
  <method>startKeyword</method>
  <thread>1</thread>
  <message>Start action : setEncryptedText(findTestObject(\&amp;quot;Login/login_password\&amp;quot;), \&amp;quot;yfq/9fVkW5+QvfzWq38qvg==\&amp;quot;)</message>
  <nestedLevel>1</nestedLevel>
  <property name="startLine">22</property>
  <property name="stepIndex">4</property>
</record>
<record>
  <date>2019-09-09T15:17:02</date>
  <millis>1568038622243</millis>
  <sequence>45</sequence>
  <level>PASSED</level>
  <class>com.kms.katalon.core.logging.XmlKeywordLogger</class>
  <method>logMessage</method>
  <thread>1</thread>
  <message>Text ****** has been set on object &amp;apos;Object Repository/Login/login_password&amp;apos;</message>
  <nestedLevel>1</nestedLevel>
</record>
<record>
  <date>2019-09-09T15:17:02</date>
  <millis>1568038622244</millis>
  <sequence>46</sequence>
  <level>END</level>
  <class>com.kms.katalon.core.logging.XmlKeywordLogger</class>
  <method>endKeyword</method>
  <thread>1</thread>
  <message>End action : setEncryptedText(findTestObject(\&amp;quot;Login/login_password\&amp;quot;), \&amp;quot;yfq/9fVkW5+QvfzWq38qvg==\&amp;quot;)</message>
  <nestedLevel>1</nestedLevel>
</record>
<record>
  <date>2019-09-09T15:17:02</date>
  <millis>1568038622244</millis>
  <sequence>47</sequence>
  <level>START</level>
  <class>com.kms.katalon.core.logging.XmlKeywordLogger</class>
  <method>startKeyword</method>
  <thread>1</thread>
  <message>Start action : click(findTestObject(\&amp;quot;Object Repository/Test1/button_Login\&amp;quot;))</message>
  <nestedLevel>1</nestedLevel>
  <property name="startLine">24</property>
  <property name="stepIndex">5</property>
</record>
<record>
  <date>2019-09-09T15:17:08</date>
  <millis>1568038628774</millis>
  <sequence>54</sequence>
  <level>PASSED</level>
  <class>com.kms.katalon.core.logging.XmlKeywordLogger</class>
  <method>logMessage</method>
  <thread>1</thread>
  <message>Object: &amp;apos;Object Repository/Test1/button_Login&amp;apos; is clicked on</message>
  <nestedLevel>1</nestedLevel>
</record>
<record>
  <date>2019-09-09T15:17:08</date>
  <millis>1568038628775</millis>
  <sequence>55</sequence>
  <level>END</level>
  <class>com.kms.katalon.core.logging.XmlKeywordLogger</class>
  <method>endKeyword</method>
  <thread>1</thread>
  <message>End action : click(findTestObject(\&amp;quot;Object Repository/Test1/button_Login\&amp;quot;))</message>
  <nestedLevel>1</nestedLevel>
</record>
<record>
  <date>2019-09-09T15:17:08</date>
  <millis>1568038628776</millis>
  <sequence>56</sequence>
  <level>START</level>
  <class>com.kms.katalon.core.logging.XmlKeywordLogger</class>
  <method>startKeyword</method>
  <thread>1</thread>
  <message>Start action : maximizeWindow()</message>
  <nestedLevel>1</nestedLevel>
  <property name="startLine">26</property>
  <property name="stepIndex">6</property>
</record>
<record>
  <date>2019-09-09T15:17:08</date>
  <millis>1568038628843</millis>
  <sequence>58</sequence>
  <level>PASSED</level>
  <class>com.kms.katalon.core.logging.XmlKeywordLogger</class>
  <method>logMessage</method>
  <thread>1</thread>
  <message>Current window maximized</message>
  <nestedLevel>1</nestedLevel>
</record>
<record>
  <date>2019-09-09T15:17:08</date>
  <millis>1568038628847</millis>
  <sequence>59</sequence>
  <level>END</level>
  <class>com.kms.katalon.core.logging.XmlKeywordLogger</class>
  <method>endKeyword</method>
  <thread>1</thread>
  <message>End action : maximizeWindow()</message>
  <nestedLevel>1</nestedLevel>
</record>
<record>
  <date>2019-09-09T15:17:08</date>
  <millis>1568038628847</millis>
  <sequence>60</sequence>
  <level>START</level>
  <class>com.kms.katalon.core.logging.XmlKeywordLogger</class>
  <method>startKeyword</method>
  <thread>1</thread>
  <message>Start action : verifyElementText(findTestObject(\&amp;quot;Login/span_Satinder\&amp;quot;), \&amp;quot;Satinder\&amp;quot;)</message>
  <nestedLevel>1</nestedLevel>
  <property name="startLine">28</property>
  <property name="stepIndex">7</property>
</record>
<record>
  <date>2019-09-09T15:17:09</date>
  <millis>1568038629651</millis>
  <sequence>66</sequence>
  <level>PASSED</level>
  <class>com.kms.katalon.core.logging.XmlKeywordLogger</class>
  <method>logMessage</method>
  <thread>1</thread>
  <message>Actual text and expected text of test object &amp;apos;Object Repository/Login/span_Satinder&amp;apos; are matched.</message>
  <nestedLevel>1</nestedLevel>
</record>
<record>
  <date>2019-09-09T15:17:09</date>
  <millis>1568038629652</millis>
  <sequence>67</sequence>
  <level>END</level>
  <class>com.kms.katalon.core.logging.XmlKeywordLogger</class>
  <method>endKeyword</method>
  <thread>1</thread>
  <message>End action : verifyElementText(findTestObject(\&amp;quot;Login/span_Satinder\&amp;quot;), \&amp;quot;Satinder\&amp;quot;)</message>
  <nestedLevel>1</nestedLevel>
</record>
<record>
  <date>2019-09-09T15:17:09</date>
  <millis>1568038629652</millis>
  <sequence>68</sequence>
  <level>PASSED</level>
  <class>com.kms.katalon.core.logging.XmlKeywordLogger</class>
  <method>logMessage</method>
  <thread>1</thread>
  <message>Test Cases/Application - Login/Login - STA</message>
  <nestedLevel>1</nestedLevel>
</record>
<record>
  <date>2019-09-09T15:17:11</date>
  <millis>1568038631911</millis>
  <sequence>69</sequence>
  <level>END</level>
  <class>com.kms.katalon.core.logging.XmlKeywordLogger</class>
  <method>endTest</method>
  <thread>1</thread>
  <message>End Test Case : Test Cases/Application - Login/Login - STA</message>
  <nestedLevel>0</nestedLevel>
</record>
<record>
  <date>2019-09-09T15:17:11</date>
  <millis>1568038631929</millis>
  <sequence>70</sequence>
  <level>START</level>
  <class>com.kms.katalon.core.logging.XmlKeywordLogger</class>
  <method>startTest</method>
  <thread>1</thread>
  <message>Start Test Case : Test Cases/Template Variables/Open Material and Template</message>
  <nestedLevel>1</nestedLevel>
  <property name="name">Test Cases/Template Variables/Open Material and Template</property>
  <property name="description"></property>
  <property name="id">Test Cases/Template Variables/Open Material and Template</property>
  <property name="source">C:\\Users\\GANSAT\\Katalon Studio\\Adzu - Copy\\Test Cases\\Template Variables\\Open Material and Template.tc</property>
  <property name="tag"></property>
  <property name="isOptional">false</property>
</record>
<record>
  <date>2019-09-09T15:17:12</date>
  <millis>1568038632617</millis>
  <sequence>72</sequence>
  <level>START</level>
  <class>com.kms.katalon.core.logging.XmlKeywordLogger</class>
  <method>startKeyword</method>
  <thread>1</thread>
  <message>Start action : click(findTestObject(\&amp;quot;Main Menu/Create Menu/a_Create\&amp;quot;))</message>
  <nestedLevel>1</nestedLevel>
  <property name="startLine">16</property>
  <property name="stepIndex">1</property>
</record>
<record>
  <date>2019-09-09T15:17:14</date>
  <millis>1568038634776</millis>
  <sequence>79</sequence>
  <level>PASSED</level>
  <class>com.kms.katalon.core.logging.XmlKeywordLogger</class>
  <method>logMessage</method>
  <thread>1</thread>
  <message>Object: &amp;apos;Object Repository/Main Menu/Create Menu/a_Create&amp;apos; is clicked on</message>
  <nestedLevel>1</nestedLevel>
</record>
<record>
  <date>2019-09-09T15:17:14</date>
  <millis>1568038634778</millis>
  <sequence>80</sequence>
  <level>END</level>
  <class>com.kms.katalon.core.logging.XmlKeywordLogger</class>
  <method>endKeyword</method>
  <thread>1</thread>
  <message>End action : click(findTestObject(\&amp;quot;Main Menu/Create Menu/a_Create\&amp;quot;))</message>
  <nestedLevel>1</nestedLevel>
</record>
<record>
  <date>2019-09-09T15:17:14</date>
  <millis>1568038634780</millis>
  <sequence>81</sequence>
  <level>START</level>
  <class>com.kms.katalon.core.logging.XmlKeywordLogger</class>
  <method>startKeyword</method>
  <thread>1</thread>
  <message>Start action : waitForPageLoad(0)</message>
  <nestedLevel>1</nestedLevel>
  <property name="startLine">18</property>
  <property name="stepIndex">2</property>
</record>
<record>
  <date>2019-09-09T15:17:15</date>
  <millis>1568038635046</millis>
  <sequence>83</sequence>
  <level>WARNING</level>
  <class>com.kms.katalon.core.logging.XmlKeywordLogger</class>
  <method>logMessage</method>
  <thread>1</thread>
  <message>Timeout &amp;apos;0&amp;apos; is invalid. Using default page load timeout: &amp;apos;30&amp;apos;</message>
  <nestedLevel>1</nestedLevel>
</record>
<record>
  <date>2019-09-09T15:17:15</date>
  <millis>1568038635358</millis>
  <sequence>84</sequence>
  <level>PASSED</level>
  <class>com.kms.katalon.core.logging.XmlKeywordLogger</class>
  <method>logMessage</method>
  <thread>1</thread>
  <message>Wait for page load successfully</message>
  <nestedLevel>1</nestedLevel>
</record>
<record>
  <date>2019-09-09T15:17:15</date>
  <millis>1568038635359</millis>
  <sequence>85</sequence>
  <level>END</level>
  <class>com.kms.katalon.core.logging.XmlKeywordLogger</class>
  <method>endKeyword</method>
  <thread>1</thread>
  <message>End action : waitForPageLoad(0)</message>
  <nestedLevel>1</nestedLevel>
</record>
<record>
  <date>2019-09-09T15:17:15</date>
  <millis>1568038635359</millis>
  <sequence>86</sequence>
  <level>START</level>
  <class>com.kms.katalon.core.logging.XmlKeywordLogger</class>
  <method>startKeyword</method>
  <thread>1</thread>
  <message>Start action : click(findTestObject(\&amp;quot;Main Menu/Create Menu/span_Materials Templates\&amp;quot;))</message>
  <nestedLevel>1</nestedLevel>
  <property name="startLine">20</property>
  <property name="stepIndex">3</property>
</record>
<record>
  <date>2019-09-09T15:17:20</date>
  <millis>1568038640989</millis>
  <sequence>93</sequence>
  <level>PASSED</level>
  <class>com.kms.katalon.core.logging.XmlKeywordLogger</class>
  <method>logMessage</method>
  <thread>1</thread>
  <message>Object: &amp;apos;Object Repository/Main Menu/Create Menu/span_Materials Templates&amp;apos; is clicked on</message>
  <nestedLevel>1</nestedLevel>
</record>
<record>
  <date>2019-09-09T15:17:20</date>
  <millis>1568038640990</millis>
  <sequence>94</sequence>
  <level>END</level>
  <class>com.kms.katalon.core.logging.XmlKeywordLogger</class>
  <method>endKeyword</method>
  <thread>1</thread>
  <message>End action : click(findTestObject(\&amp;quot;Main Menu/Create Menu/span_Materials Templates\&amp;quot;))</message>
  <nestedLevel>1</nestedLevel>
</record>
<record>
  <date>2019-09-09T15:17:20</date>
  <millis>1568038640990</millis>
  <sequence>95</sequence>
  <level>START</level>
  <class>com.kms.katalon.core.logging.XmlKeywordLogger</class>
  <method>startKeyword</method>
  <thread>1</thread>
  <message>Start action : waitForPageLoad(0)</message>
  <nestedLevel>1</nestedLevel>
  <property name="startLine">22</property>
  <property name="stepIndex">4</property>
</record>
<record>
  <date>2019-09-09T15:17:20</date>
  <millis>1568038640994</millis>
  <sequence>97</sequence>
  <level>WARNING</level>
  <class>com.kms.katalon.core.logging.XmlKeywordLogger</class>
  <method>logMessage</method>
  <thread>1</thread>
  <message>Timeout &amp;apos;0&amp;apos; is invalid. Using default page load timeout: &amp;apos;30&amp;apos;</message>
  <nestedLevel>1</nestedLevel>
</record>
<record>
  <date>2019-09-09T15:17:21</date>
  <millis>1568038641134</millis>
  <sequence>98</sequence>
  <level>PASSED</level>
  <class>com.kms.katalon.core.logging.XmlKeywordLogger</class>
  <method>logMessage</method>
  <thread>1</thread>
  <message>Wait for page load successfully</message>
  <nestedLevel>1</nestedLevel>
</record>
<record>
  <date>2019-09-09T15:17:21</date>
  <millis>1568038641135</millis>
  <sequence>99</sequence>
  <level>END</level>
  <class>com.kms.katalon.core.logging.XmlKeywordLogger</class>
  <method>endKeyword</method>
  <thread>1</thread>
  <message>End action : waitForPageLoad(0)</message>
  <nestedLevel>1</nestedLevel>
</record>
<record>
  <date>2019-09-09T15:17:21</date>
  <millis>1568038641135</millis>
  <sequence>100</sequence>
  <level>PASSED</level>
  <class>com.kms.katalon.core.logging.XmlKeywordLogger</class>
  <method>logMessage</method>
  <thread>1</thread>
  <message>Test Cases/Template Variables/Open Material and Template</message>
  <nestedLevel>1</nestedLevel>
</record>
<record>
  <date>2019-09-09T15:17:23</date>
  <millis>1568038643223</millis>
  <sequence>101</sequence>
  <level>END</level>
  <class>com.kms.katalon.core.logging.XmlKeywordLogger</class>
  <method>endTest</method>
  <thread>1</thread>
  <message>End Test Case : Test Cases/Template Variables/Open Material and Template</message>
  <nestedLevel>0</nestedLevel>
</record>
<record>
  <date>2019-09-09T15:17:23</date>
  <millis>1568038643233</millis>
  <sequence>102</sequence>
  <level>START</level>
  <class>com.kms.katalon.core.logging.XmlKeywordLogger</class>
  <method>startTest</method>
  <thread>1</thread>
  <message>Start Test Case : Test Cases/Template Variables/Open Template Variable</message>
  <nestedLevel>1</nestedLevel>
  <property name="name">Test Cases/Template Variables/Open Template Variable</property>
  <property name="description"></property>
  <property name="id">Test Cases/Template Variables/Open Template Variable</property>
  <property name="source">C:\\Users\\GANSAT\\Katalon Studio\\Adzu - Copy\\Test Cases\\Template Variables\\Open Template Variable.tc</property>
  <property name="tag"></property>
  <property name="isOptional">false</property>
</record>
<record>
  <date>2019-09-09T15:17:23</date>
  <millis>1568038643760</millis>
  <sequence>104</sequence>
  <level>START</level>
  <class>com.kms.katalon.core.logging.XmlKeywordLogger</class>
  <method>startKeyword</method>
  <thread>1</thread>
  <message>Start action : waitForElementVisible(findTestObject(\&amp;quot;Main Menu/Create Menu/a_Create\&amp;quot;), 10)</message>
  <nestedLevel>1</nestedLevel>
  <property name="startLine">16</property>
  <property name="stepIndex">1</property>
</record>
<record>
  <date>2019-09-09T15:17:24</date>
  <millis>1568038644460</millis>
  <sequence>111</sequence>
  <level>PASSED</level>
  <class>com.kms.katalon.core.logging.XmlKeywordLogger</class>
  <method>logMessage</method>
  <thread>1</thread>
  <message>Object &amp;apos;Object Repository/Main Menu/Create Menu/a_Create&amp;apos; is visible</message>
  <nestedLevel>1</nestedLevel>
</record>
<record>
  <date>2019-09-09T15:17:24</date>
  <millis>1568038644461</millis>
  <sequence>112</sequence>
  <level>END</level>
  <class>com.kms.katalon.core.logging.XmlKeywordLogger</class>
  <method>endKeyword</method>
  <thread>1</thread>
  <message>End action : waitForElementVisible(findTestObject(\&amp;quot;Main Menu/Create Menu/a_Create\&amp;quot;), 10)</message>
  <nestedLevel>1</nestedLevel>
</record>
<record>
  <date>2019-09-09T15:17:24</date>
  <millis>1568038644461</millis>
  <sequence>113</sequence>
  <level>START</level>
  <class>com.kms.katalon.core.logging.XmlKeywordLogger</class>
  <method>startKeyword</method>
  <thread>1</thread>
  <message>Start action : click(findTestObject(\&amp;quot;Main Menu/Create Menu/a_Create\&amp;quot;))</message>
  <nestedLevel>1</nestedLevel>
  <property name="startLine">18</property>
  <property name="stepIndex">2</property>
</record>
<record>
  <date>2019-09-09T15:17:26</date>
  <millis>1568038646363</millis>
  <sequence>120</sequence>
  <level>PASSED</level>
  <class>com.kms.katalon.core.logging.XmlKeywordLogger</class>
  <method>logMessage</method>
  <thread>1</thread>
  <message>Object: &amp;apos;Object Repository/Main Menu/Create Menu/a_Create&amp;apos; is clicked on</message>
  <nestedLevel>1</nestedLevel>
</record>
<record>
  <date>2019-09-09T15:17:26</date>
  <millis>1568038646364</millis>
  <sequence>121</sequence>
  <level>END</level>
  <class>com.kms.katalon.core.logging.XmlKeywordLogger</class>
  <method>endKeyword</method>
  <thread>1</thread>
  <message>End action : click(findTestObject(\&amp;quot;Main Menu/Create Menu/a_Create\&amp;quot;))</message>
  <nestedLevel>1</nestedLevel>
</record>
<record>
  <date>2019-09-09T15:17:26</date>
  <millis>1568038646364</millis>
  <sequence>122</sequence>
  <level>START</level>
  <class>com.kms.katalon.core.logging.XmlKeywordLogger</class>
  <method>startKeyword</method>
  <thread>1</thread>
  <message>Start action : waitForPageLoad(0)</message>
  <nestedLevel>1</nestedLevel>
  <property name="startLine">20</property>
  <property name="stepIndex">3</property>
</record>
<record>
  <date>2019-09-09T15:17:26</date>
  <millis>1568038646377</millis>
  <sequence>124</sequence>
  <level>WARNING</level>
  <class>com.kms.katalon.core.logging.XmlKeywordLogger</class>
  <method>logMessage</method>
  <thread>1</thread>
  <message>Timeout &amp;apos;0&amp;apos; is invalid. Using default page load timeout: &amp;apos;30&amp;apos;</message>
  <nestedLevel>1</nestedLevel>
</record>
<record>
  <date>2019-09-09T15:17:26</date>
  <millis>1568038646492</millis>
  <sequence>125</sequence>
  <level>PASSED</level>
  <class>com.kms.katalon.core.logging.XmlKeywordLogger</class>
  <method>logMessage</method>
  <thread>1</thread>
  <message>Wait for page load successfully</message>
  <nestedLevel>1</nestedLevel>
</record>
<record>
  <date>2019-09-09T15:17:26</date>
  <millis>1568038646493</millis>
  <sequence>126</sequence>
  <level>END</level>
  <class>com.kms.katalon.core.logging.XmlKeywordLogger</class>
  <method>endKeyword</method>
  <thread>1</thread>
  <message>End action : waitForPageLoad(0)</message>
  <nestedLevel>1</nestedLevel>
</record>
<record>
  <date>2019-09-09T15:17:26</date>
  <millis>1568038646493</millis>
  <sequence>127</sequence>
  <level>START</level>
  <class>com.kms.katalon.core.logging.XmlKeywordLogger</class>
  <method>startKeyword</method>
  <thread>1</thread>
  <message>Start action : click(findTestObject(\&amp;quot;Main Menu/Create Menu/span_Materials Templates\&amp;quot;))</message>
  <nestedLevel>1</nestedLevel>
  <property name="startLine">22</property>
  <property name="stepIndex">4</property>
</record>
</log>